<?xml version="1.0" encoding="UTF-8"?>
<testng-results ignored="0" total="2" passed="2" failed="0" skipped="0">
  <reporter-output>
  </reporter-output>
  <suite started-at="2022-09-03T17:31:34Z" name="Suite" finished-at="2022-09-03T17:31:38Z" duration-ms="4164">
    <groups>
    </groups>
    <test started-at="2022-09-03T17:31:34Z" name="Test" finished-at="2022-09-03T17:31:38Z" duration-ms="4164">
      <class name="wdTestNG.FedBankKorea">
        <test-method is-config="true" signature="SetUp()[pri:0, instance:wdTestNG.FedBankKorea@7a1a14a4]" started-at="2022-09-03T17:31:34Z" name="SetUp" finished-at="2022-09-03T17:31:36Z" duration-ms="2330" status="PASS">
          <reporter-output>
          </reporter-output>
        </test-method> <!-- SetUp -->
        <test-method signature="NegativeTest()[pri:0, instance:wdTestNG.FedBankKorea@7a1a14a4]" started-at="2022-09-03T17:31:36Z" name="NegativeTest" finished-at="2022-09-03T17:31:37Z" duration-ms="261" status="PASS">
          <reporter-output>
          </reporter-output>
        </test-method> <!-- NegativeTest -->
        <test-method is-config="true" signature="TearDown()[pri:0, instance:wdTestNG.FedBankKorea@7a1a14a4]" started-at="2022-09-03T17:31:37Z" name="TearDown" finished-at="2022-09-03T17:31:37Z" duration-ms="111" status="PASS">
          <reporter-output>
          </reporter-output>
        </test-method> <!-- TearDown -->
        <test-method is-config="true" signature="SetUp()[pri:0, instance:wdTestNG.FedBankKorea@7a1a14a4]" started-at="2022-09-03T17:31:37Z" name="SetUp" finished-at="2022-09-03T17:31:38Z" duration-ms="1116" status="PASS">
          <reporter-output>
          </reporter-output>
        </test-method> <!-- SetUp -->
        <test-method signature="PositiveTest()[pri:0, instance:wdTestNG.FedBankKorea@7a1a14a4]" started-at="2022-09-03T17:31:38Z" name="PositiveTest" finished-at="2022-09-03T17:31:38Z" duration-ms="243" status="PASS">
          <reporter-output>
          </reporter-output>
        </test-method> <!-- PositiveTest -->
        <test-method is-config="true" signature="TearDown()[pri:0, instance:wdTestNG.FedBankKorea@7a1a14a4]" started-at="2022-09-03T17:31:38Z" name="TearDown" finished-at="2022-09-03T17:31:38Z" duration-ms="80" status="PASS">
          <reporter-output>
          </reporter-output>
        </test-method> <!-- TearDown -->
      </class> <!-- wdTestNG.FedBankKorea -->
    </test> <!-- Test -->
  </suite> <!-- Suite -->
</testng-results>
